🔍 STARTUP LOG 1: Dotenv loaded
MONGODB_URI: mongodb://harsh:harshgunnu@ac-tmrkiit-shard-00-00.cmfvjy1.mongodb.net:27017,ac-tmrkiit-shard-00-01.cmfvjy1.mongodb.net:27017,ac-tmrkiit-shard-00-02.cmfvjy1.mongodb.net:27017/?ssl=true&replicaSet=atlas-y8f896-shard-0&authSource=admin&appName=Cluster0
🔍 STARTUP LOG 2: Express loaded
🔍 STARTUP LOG 3: App created
🔍 STARTUP LOG 4: CORS added
🔍 STARTUP LOG 5: JSON middleware added
🔍 STARTUP LOG 6: Logging middleware added
🔍 STARTUP LOG 7: Routes about to be registered
🔍 STARTUP LOG 8: Registering /api/auth
🔍 STARTUP LOG 9: Registering /api/menu
🔍 STARTUP LOG 10: Registered /api/menu
🔍 STARTUP LOG 11: Registering /api/orders
🔧 Cloudinary Config: { cloud_name: '✓', api_key: '✓', api_secret: '✓' }
🔍 STARTUP LOG 12: All routes registered
🔍 STARTUP LOG 13: About to add 404 handler
🔍 STARTUP LOG 14: 404 handler added
🔍 STARTUP LOG 15: Error handler added
🔍 STARTUP LOG 16: About to listen on port 5000
🔍 STARTUP LOG 17: listen() called
node:events:496
      throw er; // Unhandled 'error' event
      ^

Error: listen EADDRINUSE: address already in use 0.0.0.0:5000
    at Server.setupListenHandle [as _listen2] (node:net:1932:16)
    at listenInCluster (node:net:1989:12)
    at node:net:2195:7
    at process.processTicksAndRejections (node:internal/process/task_queues:90:21)
Emitted 'error' event on Server instance at:
    at emitErrorNT (node:net:1968:8)
    at process.processTicksAndRejections (node:internal/process/task_queues:90:21) {
  code: 'EADDRINUSE',
  errno: -98,
  syscall: 'listen',
  address: '0.0.0.0',
  port: 5000
}

Node.js v22.16.0
